2025-02-05 08:41:00,737 [Worker-7: Loading available Gradle versions] INFO  o.e.b.c.i.u.g.PublishedGradleVersions - Gradle version information cache is not available. Remote download required.
2025-02-05 08:51:27,059 [Worker-189: Enabling Maven Dependency Management] INFO  o.e.m.c.i.l.LifecycleMappingFactory - Using org.maven.ide.eclipse.wtp.WarLifecycleMapping lifecycle mapping for MavenProject: bulletin-board:bulletin-board:0.0.1-SNAPSHOT @ E:\JAVA\BulletinBoard\bulletin-board\pom.xml.
2025-02-05 08:51:27,818 [Worker-189: Enabling Maven Dependency Management] INFO  o.e.m.j.i.AbstractJavaProjectConfigurator - Adding source folder /bulletin-board/src/main/java
2025-02-05 08:51:27,821 [Worker-189: Enabling Maven Dependency Management] INFO  o.e.m.j.i.AbstractJavaProjectConfigurator - Adding resource folder /bulletin-board/src/main/resources
2025-02-05 08:51:27,822 [Worker-189: Enabling Maven Dependency Management] INFO  o.e.m.j.i.AbstractJavaProjectConfigurator - Adding source folder /bulletin-board/src/test/java
2025-02-05 08:51:27,822 [Worker-189: Enabling Maven Dependency Management] INFO  o.e.m.j.i.AbstractJavaProjectConfigurator - Adding resource folder /bulletin-board/src/test/resources
2025-02-05 08:51:28,079 [Worker-189: Enabling Maven Dependency Management] INFO  o.e.m.c.i.p.ProjectConfigurationManager - Update started
2025-02-05 08:51:28,216 [Worker-189: Enabling Maven Dependency Management] INFO  o.e.m.c.i.l.LifecycleMappingFactory - Using org.maven.ide.eclipse.wtp.WarLifecycleMapping lifecycle mapping for MavenProject: bulletin-board:bulletin-board:0.0.1-SNAPSHOT @ E:\JAVA\BulletinBoard\bulletin-board\pom.xml.
2025-02-05 08:51:28,499 [Worker-189: Enabling Maven Dependency Management] INFO  o.e.m.j.i.AbstractJavaProjectConfigurator - Adding source folder /bulletin-board/src/main/java
2025-02-05 08:51:28,499 [Worker-189: Enabling Maven Dependency Management] INFO  o.e.m.j.i.AbstractJavaProjectConfigurator - Adding resource folder /bulletin-board/src/main/resources
2025-02-05 08:51:28,500 [Worker-189: Enabling Maven Dependency Management] INFO  o.e.m.j.i.AbstractJavaProjectConfigurator - Adding source folder /bulletin-board/src/test/java
2025-02-05 08:51:28,500 [Worker-189: Enabling Maven Dependency Management] INFO  o.e.m.j.i.AbstractJavaProjectConfigurator - Adding resource folder /bulletin-board/src/test/resources
2025-02-05 08:51:28,530 [Worker-189: Enabling Maven Dependency Management] INFO  o.e.m.w.i.f.ResourceFilteringBuildParticipant - Cleaning filtered folder for bulletin-board
2025-02-05 08:51:28,538 [Worker-189: Enabling Maven Dependency Management] INFO  o.e.m.c.i.p.ProjectConfigurationManager - Update completed for 1 poms: local refresh takes 0.00 sec, refresh facades takes 0.00 sec, update config takes 0.00 sec 
2025-02-05 08:51:28,654 [Worker-188: Building] WARN  o.a.m.s.f.DefaultMavenResourcesFiltering - Using platform encoding (UTF-8 actually) to copy filtered resources, i.e. build is platform dependent!
2025-02-05 08:51:28,654 [Worker-188: Building] INFO  o.a.m.s.f.DefaultMavenResourcesFiltering - skip non existing resourceDirectory E:\JAVA\BulletinBoard\bulletin-board\src\main\resources
2025-02-05 08:51:28,656 [Worker-188: Building] WARN  o.a.m.s.f.DefaultMavenResourcesFiltering - Using platform encoding (UTF-8 actually) to copy filtered resources, i.e. build is platform dependent!
2025-02-05 08:51:28,656 [Worker-188: Building] INFO  o.a.m.s.f.DefaultMavenResourcesFiltering - skip non existing resourceDirectory E:\JAVA\BulletinBoard\bulletin-board\src\test\resources
2025-02-05 08:51:28,657 [Worker-188: Building] INFO  o.e.m.w.i.f.ResourceFilteringBuildParticipant - Changed resources require a complete clean of filtered resources of bulletin-board
2025-02-05 08:51:28,657 [Worker-188: Building] INFO  o.e.m.w.i.f.ResourceFilteringBuildParticipant - Executing resource filtering for bulletin-board
2025-02-05 08:51:38,661 [Worker-190: Building] WARN  o.a.m.s.f.DefaultMavenResourcesFiltering - Using platform encoding (UTF-8 actually) to copy filtered resources, i.e. build is platform dependent!
2025-02-05 08:51:38,661 [Worker-190: Building] INFO  o.a.m.s.f.DefaultMavenResourcesFiltering - skip non existing resourceDirectory E:\JAVA\BulletinBoard\bulletin-board\src\main\resources
2025-02-05 08:51:38,662 [Worker-190: Building] WARN  o.a.m.s.f.DefaultMavenResourcesFiltering - Using platform encoding (UTF-8 actually) to copy filtered resources, i.e. build is platform dependent!
2025-02-05 08:51:38,662 [Worker-190: Building] INFO  o.a.m.s.f.DefaultMavenResourcesFiltering - skip non existing resourceDirectory E:\JAVA\BulletinBoard\bulletin-board\src\test\resources
2025-02-05 08:53:58,967 [Worker-193: Building] INFO  o.e.m.c.i.l.LifecycleMappingFactory - Using org.maven.ide.eclipse.wtp.WarLifecycleMapping lifecycle mapping for MavenProject: bulletin-board:bulletin-board:0.0.1-SNAPSHOT @ E:\JAVA\BulletinBoard\bulletin-board\pom.xml.
2025-02-05 08:53:59,238 [Worker-193: Building] WARN  o.a.m.s.f.DefaultMavenResourcesFiltering - Using platform encoding (UTF-8 actually) to copy filtered resources, i.e. build is platform dependent!
2025-02-05 08:53:59,238 [Worker-193: Building] INFO  o.a.m.s.f.DefaultMavenResourcesFiltering - skip non existing resourceDirectory E:\JAVA\BulletinBoard\bulletin-board\src\main\resources
2025-02-05 08:53:59,240 [Worker-193: Building] WARN  o.a.m.s.f.DefaultMavenResourcesFiltering - Using platform encoding (UTF-8 actually) to copy filtered resources, i.e. build is platform dependent!
2025-02-05 08:53:59,240 [Worker-193: Building] INFO  o.a.m.s.f.DefaultMavenResourcesFiltering - skip non existing resourceDirectory E:\JAVA\BulletinBoard\bulletin-board\src\test\resources
2025-02-05 08:53:59,240 [Worker-193: Building] INFO  o.e.m.w.i.f.ResourceFilteringBuildParticipant - Changed resources require a complete clean of filtered resources of bulletin-board
2025-02-05 08:53:59,240 [Worker-193: Building] INFO  o.e.m.w.i.f.ResourceFilteringBuildParticipant - Executing resource filtering for bulletin-board
2025-02-05 08:54:36,409 [Worker-191: Building] INFO  o.e.m.c.i.l.LifecycleMappingFactory - Using org.maven.ide.eclipse.wtp.WarLifecycleMapping lifecycle mapping for MavenProject: bulletin-board:bulletin-board:0.0.1-SNAPSHOT @ E:\JAVA\BulletinBoard\bulletin-board\pom.xml.
2025-02-05 08:54:36,829 [Worker-191: Building] WARN  o.a.m.s.f.DefaultMavenResourcesFiltering - Using platform encoding (UTF-8 actually) to copy filtered resources, i.e. build is platform dependent!
2025-02-05 08:54:36,830 [Worker-191: Building] INFO  o.a.m.s.f.DefaultMavenResourcesFiltering - skip non existing resourceDirectory E:\JAVA\BulletinBoard\bulletin-board\src\main\resources
2025-02-05 08:54:36,832 [Worker-191: Building] WARN  o.a.m.s.f.DefaultMavenResourcesFiltering - Using platform encoding (UTF-8 actually) to copy filtered resources, i.e. build is platform dependent!
2025-02-05 08:54:36,832 [Worker-191: Building] INFO  o.a.m.s.f.DefaultMavenResourcesFiltering - skip non existing resourceDirectory E:\JAVA\BulletinBoard\bulletin-board\src\test\resources
2025-02-05 08:54:36,832 [Worker-191: Building] INFO  o.e.m.w.i.f.ResourceFilteringBuildParticipant - Changed resources require a complete clean of filtered resources of bulletin-board
2025-02-05 08:54:36,832 [Worker-191: Building] INFO  o.e.m.w.i.f.ResourceFilteringBuildParticipant - Executing resource filtering for bulletin-board
2025-02-05 08:54:52,256 [Worker-185: Updating Maven Project] INFO  o.e.m.c.i.p.ProjectConfigurationManager - Update started
2025-02-05 08:54:52,316 [Worker-185: Updating Maven Project] INFO  o.e.m.c.i.l.LifecycleMappingFactory - Using org.maven.ide.eclipse.wtp.WarLifecycleMapping lifecycle mapping for MavenProject: bulletin-board:bulletin-board:0.0.1-SNAPSHOT @ E:\JAVA\BulletinBoard\bulletin-board\pom.xml.
2025-02-05 08:54:52,611 [Worker-185: Updating Maven Project] INFO  o.e.m.j.i.AbstractJavaProjectConfigurator - Adding source folder /bulletin-board/src/main/java
2025-02-05 08:54:52,611 [Worker-185: Updating Maven Project] INFO  o.e.m.j.i.AbstractJavaProjectConfigurator - Adding resource folder /bulletin-board/src/main/resources
2025-02-05 08:54:52,612 [Worker-185: Updating Maven Project] INFO  o.e.m.j.i.AbstractJavaProjectConfigurator - Adding source folder /bulletin-board/src/test/java
2025-02-05 08:54:52,612 [Worker-185: Updating Maven Project] INFO  o.e.m.j.i.AbstractJavaProjectConfigurator - Adding resource folder /bulletin-board/src/test/resources
2025-02-05 08:54:52,822 [Worker-185: Updating Maven Project] INFO  o.e.m.w.i.f.ResourceFilteringBuildParticipant - Cleaning filtered folder for bulletin-board
2025-02-05 08:54:52,829 [Worker-185: Updating Maven Project] INFO  o.e.m.c.i.p.ProjectConfigurationManager - Update completed for 1 poms: local refresh takes 0.00 sec, refresh facades takes 0.00 sec, update config takes 0.00 sec 
2025-02-05 08:54:52,982 [Worker-189: Building] WARN  o.a.m.s.f.DefaultMavenResourcesFiltering - Using platform encoding (UTF-8 actually) to copy filtered resources, i.e. build is platform dependent!
2025-02-05 08:54:52,982 [Worker-189: Building] INFO  o.a.m.s.f.DefaultMavenResourcesFiltering - skip non existing resourceDirectory E:\JAVA\BulletinBoard\bulletin-board\src\main\resources
2025-02-05 08:54:52,984 [Worker-189: Building] WARN  o.a.m.s.f.DefaultMavenResourcesFiltering - Using platform encoding (UTF-8 actually) to copy filtered resources, i.e. build is platform dependent!
2025-02-05 08:54:52,984 [Worker-189: Building] INFO  o.a.m.s.f.DefaultMavenResourcesFiltering - skip non existing resourceDirectory E:\JAVA\BulletinBoard\bulletin-board\src\test\resources
2025-02-05 08:54:52,984 [Worker-189: Building] INFO  o.e.m.w.i.f.ResourceFilteringBuildParticipant - Changed resources require a complete clean of filtered resources of bulletin-board
2025-02-05 08:54:52,984 [Worker-189: Building] INFO  o.e.m.w.i.f.ResourceFilteringBuildParticipant - Executing resource filtering for bulletin-board
2025-02-05 10:10:15,361 [Worker-199: Building] WARN  o.a.m.s.f.DefaultMavenResourcesFiltering - Using platform encoding (UTF-8 actually) to copy filtered resources, i.e. build is platform dependent!
2025-02-05 10:10:15,362 [Worker-199: Building] INFO  o.a.m.s.f.DefaultMavenResourcesFiltering - skip non existing resourceDirectory E:\JAVA\BulletinBoard\bulletin-board\src\main\resources
2025-02-05 10:10:15,363 [Worker-199: Building] WARN  o.a.m.s.f.DefaultMavenResourcesFiltering - Using platform encoding (UTF-8 actually) to copy filtered resources, i.e. build is platform dependent!
2025-02-05 10:10:15,363 [Worker-199: Building] INFO  o.a.m.s.f.DefaultMavenResourcesFiltering - skip non existing resourceDirectory E:\JAVA\BulletinBoard\bulletin-board\src\test\resources
2025-02-05 10:17:40,529 [Worker-208: Building] WARN  o.a.m.s.f.DefaultMavenResourcesFiltering - Using platform encoding (UTF-8 actually) to copy filtered resources, i.e. build is platform dependent!
2025-02-05 10:17:40,530 [Worker-208: Building] INFO  o.a.m.s.f.DefaultMavenResourcesFiltering - skip non existing resourceDirectory E:\JAVA\BulletinBoard\bulletin-board\src\main\resources
2025-02-05 10:17:40,531 [Worker-208: Building] WARN  o.a.m.s.f.DefaultMavenResourcesFiltering - Using platform encoding (UTF-8 actually) to copy filtered resources, i.e. build is platform dependent!
2025-02-05 10:17:40,532 [Worker-208: Building] INFO  o.a.m.s.f.DefaultMavenResourcesFiltering - skip non existing resourceDirectory E:\JAVA\BulletinBoard\bulletin-board\src\test\resources
